2017/04/26 12:54:58 [error] [exception.CHttpException.404] exception 'CHttpException' with message 'Unable to resolve the request "gii".' in D:\OpenServer\domains\new-project.by\framework\web\CWebApplication.php:286
Stack trace:
#0 D:\OpenServer\domains\new-project.by\framework\web\CWebApplication.php(141): CWebApplication->runController('gii')
#1 D:\OpenServer\domains\new-project.by\framework\base\CApplication.php(185): CWebApplication->processRequest()
#2 D:\OpenServer\domains\my-project.by\index.php(13): CApplication->run()
#3 {main}
REQUEST_URI=/index.php?r=gii
---
2017/04/26 14:19:00 [error] [system.db.CDbCommand] CDbCommand::fetchAll() failed: SQLSTATE[42S02]: Base table or view not found: 1146 Table 'testapp.tbl_migration' doesn't exist. The SQL statement executed was: SHOW FULL COLUMNS FROM `tbl_migration`.
2017/04/26 14:41:36 [error] [exception.CHttpException.404] exception 'CHttpException' with message 'The system is unable to find the requested action "gii".' in D:\OpenServer\domains\new-project.by\framework\web\CController.php:486
Stack trace:
#0 D:\OpenServer\domains\new-project.by\framework\web\CController.php(270): CController->missingAction('gii')
#1 D:\OpenServer\domains\new-project.by\framework\web\CWebApplication.php(282): CController->run('gii')
#2 D:\OpenServer\domains\new-project.by\framework\web\CWebApplication.php(141): CWebApplication->runController('site/gii')
#3 D:\OpenServer\domains\new-project.by\framework\base\CApplication.php(185): CWebApplication->processRequest()
#4 D:\OpenServer\domains\my-project.by\index.php(13): CApplication->run()
#5 {main}
REQUEST_URI=/index.php/site/gii
---
2017/04/26 14:52:47 [error] [exception.CHttpException.404] exception 'CHttpException' with message 'The system is unable to find the requested action "views".' in D:\OpenServer\domains\new-project.by\framework\web\CController.php:486
Stack trace:
#0 D:\OpenServer\domains\new-project.by\framework\web\CController.php(270): CController->missingAction('views')
#1 D:\OpenServer\domains\new-project.by\framework\web\CWebApplication.php(282): CController->run('views')
#2 D:\OpenServer\domains\new-project.by\framework\web\CWebApplication.php(141): CWebApplication->runController('users/views')
#3 D:\OpenServer\domains\new-project.by\framework\base\CApplication.php(185): CWebApplication->processRequest()
#4 D:\OpenServer\domains\my-project.by\index.php(13): CApplication->run()
#5 {main}
REQUEST_URI=/index.php/users/views
---
2017/04/26 14:53:10 [error] [exception.CHttpException.400] exception 'CHttpException' with message 'Your request is invalid.' in D:\OpenServer\domains\new-project.by\framework\web\CController.php:337
Stack trace:
#0 D:\OpenServer\domains\new-project.by\framework\web\CController.php(309): CController->invalidActionParams(Object(CInlineAction))
#1 D:\OpenServer\domains\new-project.by\framework\web\filters\CFilterChain.php(134): CController->runAction(Object(CInlineAction))
#2 D:\OpenServer\domains\new-project.by\framework\web\filters\CFilter.php(40): CFilterChain->run()
#3 D:\OpenServer\domains\new-project.by\framework\web\CController.php(1148): CFilter->filter(Object(CFilterChain))
#4 D:\OpenServer\domains\new-project.by\framework\web\filters\CInlineFilter.php(58): CController->filterAccessControl(Object(CFilterChain))
#5 D:\OpenServer\domains\new-project.by\framework\web\filters\CFilterChain.php(131): CInlineFilter->filter(Object(CFilterChain))
#6 D:\OpenServer\domains\new-project.by\framework\web\CController.php(291): CFilterChain->run()
#7 D:\OpenServer\domains\new-project.by\framework\web\CController.php(265): CController->runActionWithFilters(Object(CInlineAction), Array)
#8 D:\OpenServer\domains\new-project.by\framework\web\CWebApplication.php(282): CController->run('view')
#9 D:\OpenServer\domains\new-project.by\framework\web\CWebApplication.php(141): CWebApplication->runController('users/view')
#10 D:\OpenServer\domains\new-project.by\framework\base\CApplication.php(185): CWebApplication->processRequest()
#11 D:\OpenServer\domains\my-project.by\index.php(13): CApplication->run()
#12 {main}
REQUEST_URI=/index.php/users/view
---
2017/04/26 15:09:23 [error] [exception.CException] exception 'CException' with message 'CActiveDataProvider and its behaviors do not have a method or closure named "search".' in D:\OpenServer\domains\new-project.by\framework\base\CComponent.php:266
Stack trace:
#0 D:\OpenServer\domains\my-project.by\protected\views\users\index.php(23): CComponent->__call('search', Array)
#1 D:\OpenServer\domains\my-project.by\protected\views\users\index.php(23): CActiveDataProvider->search()
#2 D:\OpenServer\domains\new-project.by\framework\web\CBaseController.php(126): require('D:\\OpenServer\\d...')
#3 D:\OpenServer\domains\new-project.by\framework\web\CBaseController.php(95): CBaseController->renderInternal('D:\\OpenServer\\d...', Array, true)
#4 D:\OpenServer\domains\new-project.by\framework\web\CController.php(872): CBaseController->renderFile('D:\\OpenServer\\d...', Array, true)
#5 D:\OpenServer\domains\new-project.by\framework\web\CController.php(785): CController->renderPartial('index', Array, true)
#6 D:\OpenServer\domains\my-project.by\protected\controllers\UsersController.php(128): CController->render('index', Array)
#7 D:\OpenServer\domains\new-project.by\framework\web\actions\CInlineAction.php(49): UsersController->actionIndex()
#8 D:\OpenServer\domains\new-project.by\framework\web\CController.php(308): CInlineAction->runWithParams(Array)
#9 D:\OpenServer\domains\new-project.by\framework\web\filters\CFilterChain.php(134): CController->runAction(Object(CInlineAction))
#10 D:\OpenServer\domains\new-project.by\framework\web\filters\CFilter.php(40): CFilterChain->run()
#11 D:\OpenServer\domains\new-project.by\framework\web\CController.php(1148): CFilter->filter(Object(CFilterChain))
#12 D:\OpenServer\domains\new-project.by\framework\web\filters\CInlineFilter.php(58): CController->filterAccessControl(Object(CFilterChain))
#13 D:\OpenServer\domains\new-project.by\framework\web\filters\CFilterChain.php(131): CInlineFilter->filter(Object(CFilterChain))
#14 D:\OpenServer\domains\new-project.by\framework\web\CController.php(291): CFilterChain->run()
#15 D:\OpenServer\domains\new-project.by\framework\web\CController.php(265): CController->runActionWithFilters(Object(CInlineAction), Array)
#16 D:\OpenServer\domains\new-project.by\framework\web\CWebApplication.php(282): CController->run('index')
#17 D:\OpenServer\domains\new-project.by\framework\web\CWebApplication.php(141): CWebApplication->runController('users/index')
#18 D:\OpenServer\domains\new-project.by\framework\base\CApplication.php(185): CWebApplication->processRequest()
#19 D:\OpenServer\domains\my-project.by\index.php(13): CApplication->run()
#20 {main}
REQUEST_URI=/index.php/users/index
---
2017/04/26 15:09:35 [error] [exception.CException] exception 'CException' with message 'Alias "zii.widgets.grid.СGridView" is invalid. Make sure it points to an existing PHP file and the file is readable.' in D:\OpenServer\domains\new-project.by\framework\YiiBase.php:323
Stack trace:
#0 D:\OpenServer\domains\new-project.by\framework\web\CWidgetFactory.php(146): YiiBase::import('zii.widgets.gri...', true)
#1 D:\OpenServer\domains\new-project.by\framework\web\CBaseController.php(146): CWidgetFactory->createWidget(Object(UsersController), 'zii.widgets.gri...', Array)
#2 D:\OpenServer\domains\new-project.by\framework\web\CBaseController.php(181): CBaseController->createWidget('zii.widgets.gri...', Array)
#3 D:\OpenServer\domains\my-project.by\protected\views\users\index.php(32): CBaseController->widget('zii.widgets.gri...', Array)
#4 D:\OpenServer\domains\new-project.by\framework\web\CBaseController.php(126): require('D:\\OpenServer\\d...')
#5 D:\OpenServer\domains\new-project.by\framework\web\CBaseController.php(95): CBaseController->renderInternal('D:\\OpenServer\\d...', Array, true)
#6 D:\OpenServer\domains\new-project.by\framework\web\CController.php(872): CBaseController->renderFile('D:\\OpenServer\\d...', Array, true)
#7 D:\OpenServer\domains\new-project.by\framework\web\CController.php(785): CController->renderPartial('index', Array, true)
#8 D:\OpenServer\domains\my-project.by\protected\controllers\UsersController.php(128): CController->render('index', Array)
#9 D:\OpenServer\domains\new-project.by\framework\web\actions\CInlineAction.php(49): UsersController->actionIndex()
#10 D:\OpenServer\domains\new-project.by\framework\web\CController.php(308): CInlineAction->runWithParams(Array)
#11 D:\OpenServer\domains\new-project.by\framework\web\filters\CFilterChain.php(134): CController->runAction(Object(CInlineAction))
#12 D:\OpenServer\domains\new-project.by\framework\web\filters\CFilter.php(40): CFilterChain->run()
#13 D:\OpenServer\domains\new-project.by\framework\web\CController.php(1148): CFilter->filter(Object(CFilterChain))
#14 D:\OpenServer\domains\new-project.by\framework\web\filters\CInlineFilter.php(58): CController->filterAccessControl(Object(CFilterChain))
#15 D:\OpenServer\domains\new-project.by\framework\web\filters\CFilterChain.php(131): CInlineFilter->filter(Object(CFilterChain))
#16 D:\OpenServer\domains\new-project.by\framework\web\CController.php(291): CFilterChain->run()
#17 D:\OpenServer\domains\new-project.by\framework\web\CController.php(265): CController->runActionWithFilters(Object(CInlineAction), Array)
#18 D:\OpenServer\domains\new-project.by\framework\web\CWebApplication.php(282): CController->run('index')
#19 D:\OpenServer\domains\new-project.by\framework\web\CWebApplication.php(141): CWebApplication->runController('users/index')
#20 D:\OpenServer\domains\new-project.by\framework\base\CApplication.php(185): CWebApplication->processRequest()
#21 D:\OpenServer\domains\my-project.by\index.php(13): CApplication->run()
#22 {main}
REQUEST_URI=/index.php/users/index
---
2017/04/26 15:10:09 [error] [exception.CException] exception 'CException' with message 'Alias "zii.widgets.grid.СGridView" is invalid. Make sure it points to an existing PHP file and the file is readable.' in D:\OpenServer\domains\new-project.by\framework\YiiBase.php:323
Stack trace:
#0 D:\OpenServer\domains\new-project.by\framework\web\CWidgetFactory.php(146): YiiBase::import('zii.widgets.gri...', true)
#1 D:\OpenServer\domains\new-project.by\framework\web\CBaseController.php(146): CWidgetFactory->createWidget(Object(UsersController), 'zii.widgets.gri...', Array)
#2 D:\OpenServer\domains\new-project.by\framework\web\CBaseController.php(181): CBaseController->createWidget('zii.widgets.gri...', Array)
#3 D:\OpenServer\domains\my-project.by\protected\views\users\index.php(32): CBaseController->widget('zii.widgets.gri...', Array)
#4 D:\OpenServer\domains\new-project.by\framework\web\CBaseController.php(126): require('D:\\OpenServer\\d...')
#5 D:\OpenServer\domains\new-project.by\framework\web\CBaseController.php(95): CBaseController->renderInternal('D:\\OpenServer\\d...', Array, true)
#6 D:\OpenServer\domains\new-project.by\framework\web\CController.php(872): CBaseController->renderFile('D:\\OpenServer\\d...', Array, true)
#7 D:\OpenServer\domains\new-project.by\framework\web\CController.php(785): CController->renderPartial('index', Array, true)
#8 D:\OpenServer\domains\my-project.by\protected\controllers\UsersController.php(128): CController->render('index', Array)
#9 D:\OpenServer\domains\new-project.by\framework\web\actions\CInlineAction.php(49): UsersController->actionIndex()
#10 D:\OpenServer\domains\new-project.by\framework\web\CController.php(308): CInlineAction->runWithParams(Array)
#11 D:\OpenServer\domains\new-project.by\framework\web\filters\CFilterChain.php(134): CController->runAction(Object(CInlineAction))
#12 D:\OpenServer\domains\new-project.by\framework\web\filters\CFilter.php(40): CFilterChain->run()
#13 D:\OpenServer\domains\new-project.by\framework\web\CController.php(1148): CFilter->filter(Object(CFilterChain))
#14 D:\OpenServer\domains\new-project.by\framework\web\filters\CInlineFilter.php(58): CController->filterAccessControl(Object(CFilterChain))
#15 D:\OpenServer\domains\new-project.by\framework\web\filters\CFilterChain.php(131): CInlineFilter->filter(Object(CFilterChain))
#16 D:\OpenServer\domains\new-project.by\framework\web\CController.php(291): CFilterChain->run()
#17 D:\OpenServer\domains\new-project.by\framework\web\CController.php(265): CController->runActionWithFilters(Object(CInlineAction), Array)
#18 D:\OpenServer\domains\new-project.by\framework\web\CWebApplication.php(282): CController->run('index')
#19 D:\OpenServer\domains\new-project.by\framework\web\CWebApplication.php(141): CWebApplication->runController('users/index')
#20 D:\OpenServer\domains\new-project.by\framework\base\CApplication.php(185): CWebApplication->processRequest()
#21 D:\OpenServer\domains\my-project.by\index.php(13): CApplication->run()
#22 {main}
REQUEST_URI=/index.php/users/index
---
2017/04/26 15:10:11 [error] [exception.CException] exception 'CException' with message 'Alias "zii.widgets.grid.СGridView" is invalid. Make sure it points to an existing PHP file and the file is readable.' in D:\OpenServer\domains\new-project.by\framework\YiiBase.php:323
Stack trace:
#0 D:\OpenServer\domains\new-project.by\framework\web\CWidgetFactory.php(146): YiiBase::import('zii.widgets.gri...', true)
#1 D:\OpenServer\domains\new-project.by\framework\web\CBaseController.php(146): CWidgetFactory->createWidget(Object(UsersController), 'zii.widgets.gri...', Array)
#2 D:\OpenServer\domains\new-project.by\framework\web\CBaseController.php(181): CBaseController->createWidget('zii.widgets.gri...', Array)
#3 D:\OpenServer\domains\my-project.by\protected\views\users\index.php(32): CBaseController->widget('zii.widgets.gri...', Array)
#4 D:\OpenServer\domains\new-project.by\framework\web\CBaseController.php(126): require('D:\\OpenServer\\d...')
#5 D:\OpenServer\domains\new-project.by\framework\web\CBaseController.php(95): CBaseController->renderInternal('D:\\OpenServer\\d...', Array, true)
#6 D:\OpenServer\domains\new-project.by\framework\web\CController.php(872): CBaseController->renderFile('D:\\OpenServer\\d...', Array, true)
#7 D:\OpenServer\domains\new-project.by\framework\web\CController.php(785): CController->renderPartial('index', Array, true)
#8 D:\OpenServer\domains\my-project.by\protected\controllers\UsersController.php(128): CController->render('index', Array)
#9 D:\OpenServer\domains\new-project.by\framework\web\actions\CInlineAction.php(49): UsersController->actionIndex()
#10 D:\OpenServer\domains\new-project.by\framework\web\CController.php(308): CInlineAction->runWithParams(Array)
#11 D:\OpenServer\domains\new-project.by\framework\web\filters\CFilterChain.php(134): CController->runAction(Object(CInlineAction))
#12 D:\OpenServer\domains\new-project.by\framework\web\filters\CFilter.php(40): CFilterChain->run()
#13 D:\OpenServer\domains\new-project.by\framework\web\CController.php(1148): CFilter->filter(Object(CFilterChain))
#14 D:\OpenServer\domains\new-project.by\framework\web\filters\CInlineFilter.php(58): CController->filterAccessControl(Object(CFilterChain))
#15 D:\OpenServer\domains\new-project.by\framework\web\filters\CFilterChain.php(131): CInlineFilter->filter(Object(CFilterChain))
#16 D:\OpenServer\domains\new-project.by\framework\web\CController.php(291): CFilterChain->run()
#17 D:\OpenServer\domains\new-project.by\framework\web\CController.php(265): CController->runActionWithFilters(Object(CInlineAction), Array)
#18 D:\OpenServer\domains\new-project.by\framework\web\CWebApplication.php(282): CController->run('index')
#19 D:\OpenServer\domains\new-project.by\framework\web\CWebApplication.php(141): CWebApplication->runController('users/index')
#20 D:\OpenServer\domains\new-project.by\framework\base\CApplication.php(185): CWebApplication->processRequest()
#21 D:\OpenServer\domains\my-project.by\index.php(13): CApplication->run()
#22 {main}
REQUEST_URI=/index.php/users/index
---
2017/04/26 16:06:44 [error] [system.db.CDbCommand] CDbCommand::execute() failed: SQLSTATE[HY000]: General error: 1005 Can't create table 'testapp.#sql-10b8_43' (errno: 121). The SQL statement executed was: ALTER TABLE `cars` ADD CONSTRAINT `fk-post-id_user` FOREIGN KEY (`id_user`) REFERENCES `users` (`id`) ON DELETE CASCADE.
2017/04/27 09:01:39 [warning] [application] Failed to set unsafe attribute "rememberMe" of "Users".
in D:\OpenServer\domains\my-project.by\protected\controllers\SiteController.php (92)
in D:\OpenServer\domains\my-project.by\index.php (13)
2017/04/27 09:01:39 [error] [exception.CException] exception 'CException' with message 'Users and its behaviors do not have a method or closure named "where".' in D:\OpenServer\domains\new-project.by\framework\base\CComponent.php:266
Stack trace:
#0 D:\OpenServer\domains\new-project.by\framework\db\ar\CActiveRecord.php(229): CComponent->__call('where', Array)
#1 D:\OpenServer\domains\my-project.by\protected\models\Users.php(104): CActiveRecord->__call('where', Array)
#2 D:\OpenServer\domains\my-project.by\protected\models\Users.php(104): Users->where(Array)
#3 D:\OpenServer\domains\my-project.by\protected\controllers\SiteController.php(94): Users->login()
#4 D:\OpenServer\domains\new-project.by\framework\web\actions\CInlineAction.php(49): SiteController->actionLogin()
#5 D:\OpenServer\domains\new-project.by\framework\web\CController.php(308): CInlineAction->runWithParams(Array)
#6 D:\OpenServer\domains\new-project.by\framework\web\CController.php(286): CController->runAction(Object(CInlineAction))
#7 D:\OpenServer\domains\new-project.by\framework\web\CController.php(265): CController->runActionWithFilters(Object(CInlineAction), Array)
#8 D:\OpenServer\domains\new-project.by\framework\web\CWebApplication.php(282): CController->run('login')
#9 D:\OpenServer\domains\new-project.by\framework\web\CWebApplication.php(141): CWebApplication->runController('site/login')
#10 D:\OpenServer\domains\new-project.by\framework\base\CApplication.php(185): CWebApplication->processRequest()
#11 D:\OpenServer\domains\my-project.by\index.php(13): CApplication->run()
#12 {main}
REQUEST_URI=/index.php/site/login
HTTP_REFERER=http://my-project.by/index.php/site/login
---
2017/04/27 09:01:43 [error] [exception.CException] exception 'CException' with message 'Property "Users.rememberMe" is not defined.' in D:\OpenServer\domains\new-project.by\framework\base\CComponent.php:130
Stack trace:
#0 D:\OpenServer\domains\new-project.by\framework\db\ar\CActiveRecord.php(145): CComponent->__get('rememberMe')
#1 D:\OpenServer\domains\new-project.by\framework\web\helpers\CHtml.php(2747): CActiveRecord->__get('rememberMe')
#2 D:\OpenServer\domains\new-project.by\framework\web\helpers\CHtml.php(1933): CHtml::resolveValue(Object(Users), 'rememberMe')
#3 D:\OpenServer\domains\new-project.by\framework\web\widgets\CActiveForm.php(898): CHtml::activeCheckBox(Object(Users), 'rememberMe', Array)
#4 D:\OpenServer\domains\my-project.by\protected\views\site\login.php(43): CActiveForm->checkBox(Object(Users), 'rememberMe')
#5 D:\OpenServer\domains\new-project.by\framework\web\CBaseController.php(126): require('D:\\OpenServer\\d...')
#6 D:\OpenServer\domains\new-project.by\framework\web\CBaseController.php(95): CBaseController->renderInternal('D:\\OpenServer\\d...', Array, true)
#7 D:\OpenServer\domains\new-project.by\framework\web\CController.php(872): CBaseController->renderFile('D:\\OpenServer\\d...', Array, true)
#8 D:\OpenServer\domains\new-project.by\framework\web\CController.php(785): CController->renderPartial('login', Array, true)
#9 D:\OpenServer\domains\my-project.by\protected\controllers\SiteController.php(98): CController->render('login', Array)
#10 D:\OpenServer\domains\new-project.by\framework\web\actions\CInlineAction.php(49): SiteController->actionLogin()
#11 D:\OpenServer\domains\new-project.by\framework\web\CController.php(308): CInlineAction->runWithParams(Array)
#12 D:\OpenServer\domains\new-project.by\framework\web\CController.php(286): CController->runAction(Object(CInlineAction))
#13 D:\OpenServer\domains\new-project.by\framework\web\CController.php(265): CController->runActionWithFilters(Object(CInlineAction), Array)
#14 D:\OpenServer\domains\new-project.by\framework\web\CWebApplication.php(282): CController->run('login')
#15 D:\OpenServer\domains\new-project.by\framework\web\CWebApplication.php(141): CWebApplication->runController('site/login')
#16 D:\OpenServer\domains\new-project.by\framework\base\CApplication.php(185): CWebApplication->processRequest()
#17 D:\OpenServer\domains\my-project.by\index.php(13): CApplication->run()
#18 {main}
REQUEST_URI=/index.php/site/login
HTTP_REFERER=http://my-project.by/index.php/site/index
---
2017/04/27 09:02:29 [error] [exception.CException] exception 'CException' with message 'Property "Users.rememberMe" is not defined.' in D:\OpenServer\domains\new-project.by\framework\base\CComponent.php:130
Stack trace:
#0 D:\OpenServer\domains\new-project.by\framework\db\ar\CActiveRecord.php(145): CComponent->__get('rememberMe')
#1 D:\OpenServer\domains\new-project.by\framework\web\helpers\CHtml.php(2747): CActiveRecord->__get('rememberMe')
#2 D:\OpenServer\domains\new-project.by\framework\web\helpers\CHtml.php(1933): CHtml::resolveValue(Object(Users), 'rememberMe')
#3 D:\OpenServer\domains\new-project.by\framework\web\widgets\CActiveForm.php(898): CHtml::activeCheckBox(Object(Users), 'rememberMe', Array)
#4 D:\OpenServer\domains\my-project.by\protected\views\site\login.php(43): CActiveForm->checkBox(Object(Users), 'rememberMe')
#5 D:\OpenServer\domains\new-project.by\framework\web\CBaseController.php(126): require('D:\\OpenServer\\d...')
#6 D:\OpenServer\domains\new-project.by\framework\web\CBaseController.php(95): CBaseController->renderInternal('D:\\OpenServer\\d...', Array, true)
#7 D:\OpenServer\domains\new-project.by\framework\web\CController.php(872): CBaseController->renderFile('D:\\OpenServer\\d...', Array, true)
#8 D:\OpenServer\domains\new-project.by\framework\web\CController.php(785): CController->renderPartial('login', Array, true)
#9 D:\OpenServer\domains\my-project.by\protected\controllers\SiteController.php(98): CController->render('login', Array)
#10 D:\OpenServer\domains\new-project.by\framework\web\actions\CInlineAction.php(49): SiteController->actionLogin()
#11 D:\OpenServer\domains\new-project.by\framework\web\CController.php(308): CInlineAction->runWithParams(Array)
#12 D:\OpenServer\domains\new-project.by\framework\web\CController.php(286): CController->runAction(Object(CInlineAction))
#13 D:\OpenServer\domains\new-project.by\framework\web\CController.php(265): CController->runActionWithFilters(Object(CInlineAction), Array)
#14 D:\OpenServer\domains\new-project.by\framework\web\CWebApplication.php(282): CController->run('login')
#15 D:\OpenServer\domains\new-project.by\framework\web\CWebApplication.php(141): CWebApplication->runController('site/login')
#16 D:\OpenServer\domains\new-project.by\framework\base\CApplication.php(185): CWebApplication->processRequest()
#17 D:\OpenServer\domains\my-project.by\index.php(13): CApplication->run()
#18 {main}
REQUEST_URI=/index.php/site/login
HTTP_REFERER=http://my-project.by/index.php/site/index
---
2017/04/27 09:19:33 [error] [exception.CException] exception 'CException' with message 'Users and its behaviors do not have a method or closure named "findOne".' in D:\OpenServer\domains\new-project.by\framework\base\CComponent.php:266
Stack trace:
#0 D:\OpenServer\domains\new-project.by\framework\db\ar\CActiveRecord.php(229): CComponent->__call('findOne', Array)
#1 D:\OpenServer\domains\my-project.by\protected\models\Users.php(117): CActiveRecord->__call('findOne', Array)
#2 D:\OpenServer\domains\my-project.by\protected\models\Users.php(117): Users->findOne(Array)
#3 D:\OpenServer\domains\my-project.by\protected\models\Users.php(45): Users->login()
#4 D:\OpenServer\domains\new-project.by\framework\validators\CInlineValidator.php(42): Users->authenticate('password', Array)
#5 D:\OpenServer\domains\new-project.by\framework\validators\CValidator.php(201): CInlineValidator->validateAttribute(Object(Users), 'password')
#6 D:\OpenServer\domains\new-project.by\framework\base\CModel.php(159): CValidator->validate(Object(Users), NULL)
#7 D:\OpenServer\domains\my-project.by\protected\controllers\SiteController.php(94): CModel->validate()
#8 D:\OpenServer\domains\new-project.by\framework\web\actions\CInlineAction.php(49): SiteController->actionLogin()
#9 D:\OpenServer\domains\new-project.by\framework\web\CController.php(308): CInlineAction->runWithParams(Array)
#10 D:\OpenServer\domains\new-project.by\framework\web\CController.php(286): CController->runAction(Object(CInlineAction))
#11 D:\OpenServer\domains\new-project.by\framework\web\CController.php(265): CController->runActionWithFilters(Object(CInlineAction), Array)
#12 D:\OpenServer\domains\new-project.by\framework\web\CWebApplication.php(282): CController->run('login')
#13 D:\OpenServer\domains\new-project.by\framework\web\CWebApplication.php(141): CWebApplication->runController('site/login')
#14 D:\OpenServer\domains\new-project.by\framework\base\CApplication.php(185): CWebApplication->processRequest()
#15 D:\OpenServer\domains\my-project.by\index.php(13): CApplication->run()
#16 {main}
REQUEST_URI=/index.php/site/login
HTTP_REFERER=http://my-project.by/index.php/site/login
---
2017/04/27 09:19:54 [error] [exception.CException] exception 'CException' with message 'Property "CDbCriteria.username" is not defined.' in D:\OpenServer\domains\new-project.by\framework\base\CComponent.php:173
Stack trace:
#0 D:\OpenServer\domains\new-project.by\framework\db\schema\CDbCriteria.php(160): CComponent->__set('username', 'morgan')
#1 D:\OpenServer\domains\new-project.by\framework\db\schema\CDbCommandBuilder.php(588): CDbCriteria->__construct(Array)
#2 D:\OpenServer\domains\new-project.by\framework\db\ar\CActiveRecord.php(1463): CDbCommandBuilder->createCriteria(Array, Array)
#3 D:\OpenServer\domains\my-project.by\protected\models\Users.php(117): CActiveRecord->find(Array)
#4 D:\OpenServer\domains\my-project.by\protected\models\Users.php(45): Users->login()
#5 D:\OpenServer\domains\new-project.by\framework\validators\CInlineValidator.php(42): Users->authenticate('password', Array)
#6 D:\OpenServer\domains\new-project.by\framework\validators\CValidator.php(201): CInlineValidator->validateAttribute(Object(Users), 'password')
#7 D:\OpenServer\domains\new-project.by\framework\base\CModel.php(159): CValidator->validate(Object(Users), NULL)
#8 D:\OpenServer\domains\my-project.by\protected\controllers\SiteController.php(94): CModel->validate()
#9 D:\OpenServer\domains\new-project.by\framework\web\actions\CInlineAction.php(49): SiteController->actionLogin()
#10 D:\OpenServer\domains\new-project.by\framework\web\CController.php(308): CInlineAction->runWithParams(Array)
#11 D:\OpenServer\domains\new-project.by\framework\web\CController.php(286): CController->runAction(Object(CInlineAction))
#12 D:\OpenServer\domains\new-project.by\framework\web\CController.php(265): CController->runActionWithFilters(Object(CInlineAction), Array)
#13 D:\OpenServer\domains\new-project.by\framework\web\CWebApplication.php(282): CController->run('login')
#14 D:\OpenServer\domains\new-project.by\framework\web\CWebApplication.php(141): CWebApplication->runController('site/login')
#15 D:\OpenServer\domains\new-project.by\framework\base\CApplication.php(185): CWebApplication->processRequest()
#16 D:\OpenServer\domains\my-project.by\index.php(13): CApplication->run()
#17 {main}
REQUEST_URI=/index.php/site/login
HTTP_REFERER=http://my-project.by/index.php/site/login
---
2017/04/27 09:20:26 [error] [exception.CException] exception 'CException' with message 'Property "CDbCriteria.username" is not defined.' in D:\OpenServer\domains\new-project.by\framework\base\CComponent.php:173
Stack trace:
#0 D:\OpenServer\domains\new-project.by\framework\db\schema\CDbCriteria.php(160): CComponent->__set('username', 'morgan')
#1 D:\OpenServer\domains\new-project.by\framework\db\schema\CDbCommandBuilder.php(588): CDbCriteria->__construct(Array)
#2 D:\OpenServer\domains\new-project.by\framework\db\ar\CActiveRecord.php(1463): CDbCommandBuilder->createCriteria(Array, Array)
#3 D:\OpenServer\domains\my-project.by\protected\models\Users.php(121): CActiveRecord->find(Array)
#4 D:\OpenServer\domains\my-project.by\protected\models\Users.php(49): Users->login()
#5 D:\OpenServer\domains\new-project.by\framework\validators\CInlineValidator.php(42): Users->authenticate('password', Array)
#6 D:\OpenServer\domains\new-project.by\framework\validators\CValidator.php(201): CInlineValidator->validateAttribute(Object(Users), 'password')
#7 D:\OpenServer\domains\new-project.by\framework\base\CModel.php(159): CValidator->validate(Object(Users), NULL)
#8 D:\OpenServer\domains\my-project.by\protected\controllers\SiteController.php(94): CModel->validate()
#9 D:\OpenServer\domains\new-project.by\framework\web\actions\CInlineAction.php(49): SiteController->actionLogin()
#10 D:\OpenServer\domains\new-project.by\framework\web\CController.php(308): CInlineAction->runWithParams(Array)
#11 D:\OpenServer\domains\new-project.by\framework\web\CController.php(286): CController->runAction(Object(CInlineAction))
#12 D:\OpenServer\domains\new-project.by\framework\web\CController.php(265): CController->runActionWithFilters(Object(CInlineAction), Array)
#13 D:\OpenServer\domains\new-project.by\framework\web\CWebApplication.php(282): CController->run('login')
#14 D:\OpenServer\domains\new-project.by\framework\web\CWebApplication.php(141): CWebApplication->runController('site/login')
#15 D:\OpenServer\domains\new-project.by\framework\base\CApplication.php(185): CWebApplication->processRequest()
#16 D:\OpenServer\domains\my-project.by\index.php(13): CApplication->run()
#17 {main}
REQUEST_URI=/index.php/site/login
HTTP_REFERER=http://my-project.by/index.php/site/login
---
2017/04/27 09:20:29 [error] [exception.CException] exception 'CException' with message 'Property "CDbCriteria.username" is not defined.' in D:\OpenServer\domains\new-project.by\framework\base\CComponent.php:173
Stack trace:
#0 D:\OpenServer\domains\new-project.by\framework\db\schema\CDbCriteria.php(160): CComponent->__set('username', 'morgan')
#1 D:\OpenServer\domains\new-project.by\framework\db\schema\CDbCommandBuilder.php(588): CDbCriteria->__construct(Array)
#2 D:\OpenServer\domains\new-project.by\framework\db\ar\CActiveRecord.php(1463): CDbCommandBuilder->createCriteria(Array, Array)
#3 D:\OpenServer\domains\my-project.by\protected\models\Users.php(121): CActiveRecord->find(Array)
#4 D:\OpenServer\domains\my-project.by\protected\models\Users.php(49): Users->login()
#5 D:\OpenServer\domains\new-project.by\framework\validators\CInlineValidator.php(42): Users->authenticate('password', Array)
#6 D:\OpenServer\domains\new-project.by\framework\validators\CValidator.php(201): CInlineValidator->validateAttribute(Object(Users), 'password')
#7 D:\OpenServer\domains\new-project.by\framework\base\CModel.php(159): CValidator->validate(Object(Users), NULL)
#8 D:\OpenServer\domains\my-project.by\protected\controllers\SiteController.php(94): CModel->validate()
#9 D:\OpenServer\domains\new-project.by\framework\web\actions\CInlineAction.php(49): SiteController->actionLogin()
#10 D:\OpenServer\domains\new-project.by\framework\web\CController.php(308): CInlineAction->runWithParams(Array)
#11 D:\OpenServer\domains\new-project.by\framework\web\CController.php(286): CController->runAction(Object(CInlineAction))
#12 D:\OpenServer\domains\new-project.by\framework\web\CController.php(265): CController->runActionWithFilters(Object(CInlineAction), Array)
#13 D:\OpenServer\domains\new-project.by\framework\web\CWebApplication.php(282): CController->run('login')
#14 D:\OpenServer\domains\new-project.by\framework\web\CWebApplication.php(141): CWebApplication->runController('site/login')
#15 D:\OpenServer\domains\new-project.by\framework\base\CApplication.php(185): CWebApplication->processRequest()
#16 D:\OpenServer\domains\my-project.by\index.php(13): CApplication->run()
#17 {main}
REQUEST_URI=/index.php/site/login
HTTP_REFERER=http://my-project.by/index.php/site/login
---
2017/04/27 09:37:43 [error] [exception.CException] exception 'CException' with message 'Property "CDbCriteria.:username" is not defined.' in D:\OpenServer\domains\new-project.by\framework\base\CComponent.php:173
Stack trace:
#0 D:\OpenServer\domains\new-project.by\framework\db\schema\CDbCriteria.php(160): CComponent->__set(':username', 'morgan')
#1 D:\OpenServer\domains\new-project.by\framework\db\schema\CDbCommandBuilder.php(588): CDbCriteria->__construct(Array)
#2 D:\OpenServer\domains\new-project.by\framework\db\ar\CActiveRecord.php(1463): CDbCommandBuilder->createCriteria(Array, Array)
#3 D:\OpenServer\domains\my-project.by\protected\models\Users.php(121): CActiveRecord->find(Array)
#4 D:\OpenServer\domains\my-project.by\protected\models\Users.php(49): Users->login()
#5 D:\OpenServer\domains\new-project.by\framework\validators\CInlineValidator.php(42): Users->authenticate('password', Array)
#6 D:\OpenServer\domains\new-project.by\framework\validators\CValidator.php(201): CInlineValidator->validateAttribute(Object(Users), 'password')
#7 D:\OpenServer\domains\new-project.by\framework\base\CModel.php(159): CValidator->validate(Object(Users), NULL)
#8 D:\OpenServer\domains\my-project.by\protected\controllers\SiteController.php(94): CModel->validate()
#9 D:\OpenServer\domains\new-project.by\framework\web\actions\CInlineAction.php(49): SiteController->actionLogin()
#10 D:\OpenServer\domains\new-project.by\framework\web\CController.php(308): CInlineAction->runWithParams(Array)
#11 D:\OpenServer\domains\new-project.by\framework\web\CController.php(286): CController->runAction(Object(CInlineAction))
#12 D:\OpenServer\domains\new-project.by\framework\web\CController.php(265): CController->runActionWithFilters(Object(CInlineAction), Array)
#13 D:\OpenServer\domains\new-project.by\framework\web\CWebApplication.php(282): CController->run('login')
#14 D:\OpenServer\domains\new-project.by\framework\web\CWebApplication.php(141): CWebApplication->runController('site/login')
#15 D:\OpenServer\domains\new-project.by\framework\base\CApplication.php(185): CWebApplication->processRequest()
#16 D:\OpenServer\domains\my-project.by\index.php(13): CApplication->run()
#17 {main}
REQUEST_URI=/index.php/site/login
HTTP_REFERER=http://my-project.by/index.php/site/login
---
2017/04/27 09:42:56 [error] [exception.CException] exception 'CException' with message 'Property "CDbCriteria.0" is not defined.' in D:\OpenServer\domains\new-project.by\framework\base\CComponent.php:173
Stack trace:
#0 D:\OpenServer\domains\new-project.by\framework\db\schema\CDbCriteria.php(160): CComponent->__set('0', Object(CDbCriteria))
#1 D:\OpenServer\domains\new-project.by\framework\db\schema\CDbCommandBuilder.php(588): CDbCriteria->__construct(Array)
#2 D:\OpenServer\domains\new-project.by\framework\db\ar\CActiveRecord.php(1463): CDbCommandBuilder->createCriteria(Array, Array)
#3 D:\OpenServer\domains\my-project.by\protected\models\Users.php(129): CActiveRecord->find(Array)
#4 D:\OpenServer\domains\my-project.by\protected\models\Users.php(49): Users->login()
#5 D:\OpenServer\domains\new-project.by\framework\validators\CInlineValidator.php(42): Users->authenticate('password', Array)
#6 D:\OpenServer\domains\new-project.by\framework\validators\CValidator.php(201): CInlineValidator->validateAttribute(Object(Users), 'password')
#7 D:\OpenServer\domains\new-project.by\framework\base\CModel.php(159): CValidator->validate(Object(Users), NULL)
#8 D:\OpenServer\domains\my-project.by\protected\controllers\SiteController.php(94): CModel->validate()
#9 D:\OpenServer\domains\new-project.by\framework\web\actions\CInlineAction.php(49): SiteController->actionLogin()
#10 D:\OpenServer\domains\new-project.by\framework\web\CController.php(308): CInlineAction->runWithParams(Array)
#11 D:\OpenServer\domains\new-project.by\framework\web\CController.php(286): CController->runAction(Object(CInlineAction))
#12 D:\OpenServer\domains\new-project.by\framework\web\CController.php(265): CController->runActionWithFilters(Object(CInlineAction), Array)
#13 D:\OpenServer\domains\new-project.by\framework\web\CWebApplication.php(282): CController->run('login')
#14 D:\OpenServer\domains\new-project.by\framework\web\CWebApplication.php(141): CWebApplication->runController('site/login')
#15 D:\OpenServer\domains\new-project.by\framework\base\CApplication.php(185): CWebApplication->processRequest()
#16 D:\OpenServer\domains\my-project.by\index.php(13): CApplication->run()
#17 {main}
REQUEST_URI=/index.php/site/login
HTTP_REFERER=http://my-project.by/index.php/site/login
---
2017/04/27 09:53:23 [error] [system.db.CDbCommand] CDbCommand::fetch() failed: SQLSTATE[42000]: Syntax error or access violation: 1064 You have an error in your SQL syntax; check the manual that corresponds to your MySQL server version for the right syntax to use near ' password='MORGAN' LIMIT 1' at line 1. The SQL statement executed was: SELECT * FROM `users` `t` WHERE username=:username, password=:password LIMIT 1.
in D:\OpenServer\domains\my-project.by\protected\models\Users.php (125)
in D:\OpenServer\domains\my-project.by\protected\models\Users.php (49)
in D:\OpenServer\domains\my-project.by\protected\controllers\SiteController.php (94)
2017/04/27 09:53:23 [error] [exception.CDbException] exception 'CDbException' with message 'CDbCommand failed to execute the SQL statement: SQLSTATE[42000]: Syntax error or access violation: 1064 You have an error in your SQL syntax; check the manual that corresponds to your MySQL server version for the right syntax to use near ' password='MORGAN' LIMIT 1' at line 1. The SQL statement executed was: SELECT * FROM `users` `t` WHERE username=:username, password=:password LIMIT 1' in D:\OpenServer\domains\new-project.by\framework\db\CDbCommand.php:543
Stack trace:
#0 D:\OpenServer\domains\new-project.by\framework\db\CDbCommand.php(415): CDbCommand->queryInternal('fetch', Array, Array)
#1 D:\OpenServer\domains\new-project.by\framework\db\ar\CActiveRecord.php(1359): CDbCommand->queryRow()
#2 D:\OpenServer\domains\new-project.by\framework\db\ar\CActiveRecord.php(1464): CActiveRecord->query(Object(CDbCriteria))
#3 D:\OpenServer\domains\my-project.by\protected\models\Users.php(125): CActiveRecord->find('username=:usern...', Array)
#4 D:\OpenServer\domains\my-project.by\protected\models\Users.php(49): Users->login()
#5 D:\OpenServer\domains\new-project.by\framework\validators\CInlineValidator.php(42): Users->authenticate('password', Array)
#6 D:\OpenServer\domains\new-project.by\framework\validators\CValidator.php(201): CInlineValidator->validateAttribute(Object(Users), 'password')
#7 D:\OpenServer\domains\new-project.by\framework\base\CModel.php(159): CValidator->validate(Object(Users), NULL)
#8 D:\OpenServer\domains\my-project.by\protected\controllers\SiteController.php(94): CModel->validate()
#9 D:\OpenServer\domains\new-project.by\framework\web\actions\CInlineAction.php(49): SiteController->actionLogin()
#10 D:\OpenServer\domains\new-project.by\framework\web\CController.php(308): CInlineAction->runWithParams(Array)
#11 D:\OpenServer\domains\new-project.by\framework\web\CController.php(286): CController->runAction(Object(CInlineAction))
#12 D:\OpenServer\domains\new-project.by\framework\web\CController.php(265): CController->runActionWithFilters(Object(CInlineAction), Array)
#13 D:\OpenServer\domains\new-project.by\framework\web\CWebApplication.php(282): CController->run('login')
#14 D:\OpenServer\domains\new-project.by\framework\web\CWebApplication.php(141): CWebApplication->runController('site/login')
#15 D:\OpenServer\domains\new-project.by\framework\base\CApplication.php(185): CWebApplication->processRequest()
#16 D:\OpenServer\domains\my-project.by\index.php(13): CApplication->run()
#17 {main}
REQUEST_URI=/index.php/site/login
HTTP_REFERER=http://my-project.by/index.php/site/login
---
2017/04/27 09:55:13 [error] [system.db.CDbCommand] CDbCommand::fetch() failed: SQLSTATE[42000]: Syntax error or access violation: 1064 You have an error in your SQL syntax; check the manual that corresponds to your MySQL server version for the right syntax to use near ' password='morgan' LIMIT 1' at line 1. The SQL statement executed was: SELECT * FROM `users` `t` WHERE username=:username, password=:password LIMIT 1.
in D:\OpenServer\domains\my-project.by\protected\models\Users.php (125)
in D:\OpenServer\domains\my-project.by\protected\models\Users.php (49)
in D:\OpenServer\domains\my-project.by\protected\controllers\SiteController.php (94)
2017/04/27 09:55:13 [error] [exception.CDbException] exception 'CDbException' with message 'CDbCommand failed to execute the SQL statement: SQLSTATE[42000]: Syntax error or access violation: 1064 You have an error in your SQL syntax; check the manual that corresponds to your MySQL server version for the right syntax to use near ' password='morgan' LIMIT 1' at line 1. The SQL statement executed was: SELECT * FROM `users` `t` WHERE username=:username, password=:password LIMIT 1' in D:\OpenServer\domains\new-project.by\framework\db\CDbCommand.php:543
Stack trace:
#0 D:\OpenServer\domains\new-project.by\framework\db\CDbCommand.php(415): CDbCommand->queryInternal('fetch', Array, Array)
#1 D:\OpenServer\domains\new-project.by\framework\db\ar\CActiveRecord.php(1359): CDbCommand->queryRow()
#2 D:\OpenServer\domains\new-project.by\framework\db\ar\CActiveRecord.php(1464): CActiveRecord->query(Object(CDbCriteria))
#3 D:\OpenServer\domains\my-project.by\protected\models\Users.php(125): CActiveRecord->find('username=:usern...', Array)
#4 D:\OpenServer\domains\my-project.by\protected\models\Users.php(49): Users->login()
#5 D:\OpenServer\domains\new-project.by\framework\validators\CInlineValidator.php(42): Users->authenticate('password', Array)
#6 D:\OpenServer\domains\new-project.by\framework\validators\CValidator.php(201): CInlineValidator->validateAttribute(Object(Users), 'password')
#7 D:\OpenServer\domains\new-project.by\framework\base\CModel.php(159): CValidator->validate(Object(Users), NULL)
#8 D:\OpenServer\domains\my-project.by\protected\controllers\SiteController.php(94): CModel->validate()
#9 D:\OpenServer\domains\new-project.by\framework\web\actions\CInlineAction.php(49): SiteController->actionLogin()
#10 D:\OpenServer\domains\new-project.by\framework\web\CController.php(308): CInlineAction->runWithParams(Array)
#11 D:\OpenServer\domains\new-project.by\framework\web\CController.php(286): CController->runAction(Object(CInlineAction))
#12 D:\OpenServer\domains\new-project.by\framework\web\CController.php(265): CController->runActionWithFilters(Object(CInlineAction), Array)
#13 D:\OpenServer\domains\new-project.by\framework\web\CWebApplication.php(282): CController->run('login')
#14 D:\OpenServer\domains\new-project.by\framework\web\CWebApplication.php(141): CWebApplication->runController('site/login')
#15 D:\OpenServer\domains\new-project.by\framework\base\CApplication.php(185): CWebApplication->processRequest()
#16 D:\OpenServer\domains\my-project.by\index.php(13): CApplication->run()
#17 {main}
REQUEST_URI=/index.php/site/login
HTTP_REFERER=http://my-project.by/index.php/site/login
---
2017/04/27 09:56:53 [error] [exception.CException] exception 'CException' with message 'Property "CDbCriteria.0" is not defined.' in D:\OpenServer\domains\new-project.by\framework\base\CComponent.php:173
Stack trace:
#0 D:\OpenServer\domains\new-project.by\framework\db\schema\CDbCriteria.php(160): CComponent->__set('0', 'username=:usern...')
#1 D:\OpenServer\domains\new-project.by\framework\db\schema\CDbCommandBuilder.php(588): CDbCriteria->__construct(Array)
#2 D:\OpenServer\domains\new-project.by\framework\db\ar\CActiveRecord.php(1463): CDbCommandBuilder->createCriteria(Array, Array)
#3 D:\OpenServer\domains\my-project.by\protected\models\Users.php(125): CActiveRecord->find(Array, Array)
#4 D:\OpenServer\domains\my-project.by\protected\models\Users.php(49): Users->login()
#5 D:\OpenServer\domains\new-project.by\framework\validators\CInlineValidator.php(42): Users->authenticate('password', Array)
#6 D:\OpenServer\domains\new-project.by\framework\validators\CValidator.php(201): CInlineValidator->validateAttribute(Object(Users), 'password')
#7 D:\OpenServer\domains\new-project.by\framework\base\CModel.php(159): CValidator->validate(Object(Users), NULL)
#8 D:\OpenServer\domains\my-project.by\protected\controllers\SiteController.php(94): CModel->validate()
#9 D:\OpenServer\domains\new-project.by\framework\web\actions\CInlineAction.php(49): SiteController->actionLogin()
#10 D:\OpenServer\domains\new-project.by\framework\web\CController.php(308): CInlineAction->runWithParams(Array)
#11 D:\OpenServer\domains\new-project.by\framework\web\CController.php(286): CController->runAction(Object(CInlineAction))
#12 D:\OpenServer\domains\new-project.by\framework\web\CController.php(265): CController->runActionWithFilters(Object(CInlineAction), Array)
#13 D:\OpenServer\domains\new-project.by\framework\web\CWebApplication.php(282): CController->run('login')
#14 D:\OpenServer\domains\new-project.by\framework\web\CWebApplication.php(141): CWebApplication->runController('site/login')
#15 D:\OpenServer\domains\new-project.by\framework\base\CApplication.php(185): CWebApplication->processRequest()
#16 D:\OpenServer\domains\my-project.by\index.php(13): CApplication->run()
#17 {main}
REQUEST_URI=/index.php/site/login
HTTP_REFERER=http://my-project.by/index.php/site/login
---
2017/04/27 10:26:45 [error] [exception.CHttpException.404] exception 'CHttpException' with message 'The system is unable to find the requested action "registration".' in D:\OpenServer\domains\new-project.by\framework\web\CController.php:486
Stack trace:
#0 D:\OpenServer\domains\new-project.by\framework\web\CController.php(270): CController->missingAction('registration')
#1 D:\OpenServer\domains\new-project.by\framework\web\CWebApplication.php(282): CController->run('registration')
#2 D:\OpenServer\domains\new-project.by\framework\web\CWebApplication.php(141): CWebApplication->runController('news/registrati...')
#3 D:\OpenServer\domains\new-project.by\framework\base\CApplication.php(185): CWebApplication->processRequest()
#4 D:\OpenServer\domains\my-project.by\index.php(13): CApplication->run()
#5 {main}
REQUEST_URI=/index.php/news/registration
HTTP_REFERER=http://my-project.by/index.php/site/login
---
2017/04/27 10:27:54 [error] [exception.CHttpException.404] exception 'CHttpException' with message 'The system is unable to find the requested action "registration".' in D:\OpenServer\domains\new-project.by\framework\web\CController.php:486
Stack trace:
#0 D:\OpenServer\domains\new-project.by\framework\web\CController.php(270): CController->missingAction('registration')
#1 D:\OpenServer\domains\new-project.by\framework\web\CWebApplication.php(282): CController->run('registration')
#2 D:\OpenServer\domains\new-project.by\framework\web\CWebApplication.php(141): CWebApplication->runController('news/registrati...')
#3 D:\OpenServer\domains\new-project.by\framework\base\CApplication.php(185): CWebApplication->processRequest()
#4 D:\OpenServer\domains\my-project.by\index.php(13): CApplication->run()
#5 {main}
REQUEST_URI=/index.php/news/registration
HTTP_REFERER=http://my-project.by/index.php/site/login
---
2017/04/27 10:27:56 [error] [exception.CHttpException.404] exception 'CHttpException' with message 'The system is unable to find the requested action "registration".' in D:\OpenServer\domains\new-project.by\framework\web\CController.php:486
Stack trace:
#0 D:\OpenServer\domains\new-project.by\framework\web\CController.php(270): CController->missingAction('registration')
#1 D:\OpenServer\domains\new-project.by\framework\web\CWebApplication.php(282): CController->run('registration')
#2 D:\OpenServer\domains\new-project.by\framework\web\CWebApplication.php(141): CWebApplication->runController('news/registrati...')
#3 D:\OpenServer\domains\new-project.by\framework\base\CApplication.php(185): CWebApplication->processRequest()
#4 D:\OpenServer\domains\my-project.by\index.php(13): CApplication->run()
#5 {main}
REQUEST_URI=/index.php/news/registration
HTTP_REFERER=http://my-project.by/index.php/site/login
---
2017/04/27 11:22:10 [error] [php] Missing argument 1 for Users::dublicate(), called in D:\OpenServer\domains\my-project.by\protected\models\Users.php on line 154 and defined (D:\OpenServer\domains\my-project.by\protected\models\Users.php:58)
Stack trace:
#0 D:\OpenServer\domains\new-project.by\framework\web\actions\CInlineAction.php(49): SiteController->actionRegistration()
#1 D:\OpenServer\domains\new-project.by\framework\web\CController.php(308): CInlineAction->runWithParams()
#2 D:\OpenServer\domains\new-project.by\framework\web\CController.php(286): SiteController->runAction()
#3 D:\OpenServer\domains\new-project.by\framework\web\CController.php(265): SiteController->runActionWithFilters()
#4 D:\OpenServer\domains\new-project.by\framework\web\CWebApplication.php(282): SiteController->run()
#5 D:\OpenServer\domains\new-project.by\framework\web\CWebApplication.php(141): CWebApplication->runController()
#6 D:\OpenServer\domains\new-project.by\framework\base\CApplication.php(185): CWebApplication->processRequest()
#7 D:\OpenServer\domains\my-project.by\index.php(13): CWebApplication->run()
REQUEST_URI=/index.php/site/registration
in D:\OpenServer\domains\my-project.by\protected\models\Users.php (58)
in D:\OpenServer\domains\my-project.by\protected\models\Users.php (154)
in D:\OpenServer\domains\my-project.by\protected\controllers\SiteController.php (124)
2017/04/27 13:31:09 [error] [exception.CException] exception 'CException' with message 'Users has an invalid validation rule. The rule must specify attributes to be validated and the validator name.' in D:\OpenServer\domains\new-project.by\framework\base\CModel.php:289
Stack trace:
#0 D:\OpenServer\domains\new-project.by\framework\base\CModel.php(260): CModel->createValidators()
#1 D:\OpenServer\domains\new-project.by\framework\base\CModel.php(304): CModel->getValidators('username')
#2 D:\OpenServer\domains\new-project.by\framework\web\helpers\CHtml.php(1520): CModel->isAttributeRequired('username')
#3 D:\OpenServer\domains\new-project.by\framework\web\widgets\CActiveForm.php(600): CHtml::activeLabelEx(Object(Users), 'username', Array)
#4 D:\OpenServer\domains\my-project.by\protected\views\site\registration.php(28): CActiveForm->labelEx(Object(Users), 'username')
#5 D:\OpenServer\domains\new-project.by\framework\web\CBaseController.php(126): require('D:\\OpenServer\\d...')
#6 D:\OpenServer\domains\new-project.by\framework\web\CBaseController.php(95): CBaseController->renderInternal('D:\\OpenServer\\d...', Array, true)
#7 D:\OpenServer\domains\new-project.by\framework\web\CController.php(872): CBaseController->renderFile('D:\\OpenServer\\d...', Array, true)
#8 D:\OpenServer\domains\new-project.by\framework\web\CController.php(785): CController->renderPartial('registration', Array, true)
#9 D:\OpenServer\domains\my-project.by\protected\controllers\SiteController.php(127): CController->render('registration', Array)
#10 D:\OpenServer\domains\new-project.by\framework\web\actions\CInlineAction.php(49): SiteController->actionRegistration()
#11 D:\OpenServer\domains\new-project.by\framework\web\CController.php(308): CInlineAction->runWithParams(Array)
#12 D:\OpenServer\domains\new-project.by\framework\web\CController.php(286): CController->runAction(Object(CInlineAction))
#13 D:\OpenServer\domains\new-project.by\framework\web\CController.php(265): CController->runActionWithFilters(Object(CInlineAction), Array)
#14 D:\OpenServer\domains\new-project.by\framework\web\CWebApplication.php(282): CController->run('registration')
#15 D:\OpenServer\domains\new-project.by\framework\web\CWebApplication.php(141): CWebApplication->runController('site/registrati...')
#16 D:\OpenServer\domains\new-project.by\framework\base\CApplication.php(185): CWebApplication->processRequest()
#17 D:\OpenServer\domains\my-project.by\index.php(13): CApplication->run()
#18 {main}
REQUEST_URI=/index.php/site/registration
HTTP_REFERER=http://my-project.by/index.php
---
2017/04/27 13:33:17 [error] [exception.CException] exception 'CException' with message 'Users has an invalid validation rule. The rule must specify attributes to be validated and the validator name.' in D:\OpenServer\domains\new-project.by\framework\base\CModel.php:289
Stack trace:
#0 D:\OpenServer\domains\new-project.by\framework\base\CModel.php(260): CModel->createValidators()
#1 D:\OpenServer\domains\new-project.by\framework\base\CModel.php(304): CModel->getValidators('username')
#2 D:\OpenServer\domains\new-project.by\framework\web\helpers\CHtml.php(1520): CModel->isAttributeRequired('username')
#3 D:\OpenServer\domains\new-project.by\framework\web\widgets\CActiveForm.php(600): CHtml::activeLabelEx(Object(Users), 'username', Array)
#4 D:\OpenServer\domains\my-project.by\protected\views\site\registration.php(28): CActiveForm->labelEx(Object(Users), 'username')
#5 D:\OpenServer\domains\new-project.by\framework\web\CBaseController.php(126): require('D:\\OpenServer\\d...')
#6 D:\OpenServer\domains\new-project.by\framework\web\CBaseController.php(95): CBaseController->renderInternal('D:\\OpenServer\\d...', Array, true)
#7 D:\OpenServer\domains\new-project.by\framework\web\CController.php(872): CBaseController->renderFile('D:\\OpenServer\\d...', Array, true)
#8 D:\OpenServer\domains\new-project.by\framework\web\CController.php(785): CController->renderPartial('registration', Array, true)
#9 D:\OpenServer\domains\my-project.by\protected\controllers\SiteController.php(128): CController->render('registration', Array)
#10 D:\OpenServer\domains\new-project.by\framework\web\actions\CInlineAction.php(49): SiteController->actionRegistration()
#11 D:\OpenServer\domains\new-project.by\framework\web\CController.php(308): CInlineAction->runWithParams(Array)
#12 D:\OpenServer\domains\new-project.by\framework\web\CController.php(286): CController->runAction(Object(CInlineAction))
#13 D:\OpenServer\domains\new-project.by\framework\web\CController.php(265): CController->runActionWithFilters(Object(CInlineAction), Array)
#14 D:\OpenServer\domains\new-project.by\framework\web\CWebApplication.php(282): CController->run('registration')
#15 D:\OpenServer\domains\new-project.by\framework\web\CWebApplication.php(141): CWebApplication->runController('site/registrati...')
#16 D:\OpenServer\domains\new-project.by\framework\base\CApplication.php(185): CWebApplication->processRequest()
#17 D:\OpenServer\domains\my-project.by\index.php(13): CApplication->run()
#18 {main}
REQUEST_URI=/index.php/site/registration
HTTP_REFERER=http://my-project.by/index.php
---
2017/04/27 13:34:37 [error] [exception.CException] exception 'CException' with message 'Users has an invalid validation rule. The rule must specify attributes to be validated and the validator name.' in D:\OpenServer\domains\new-project.by\framework\base\CModel.php:289
Stack trace:
#0 D:\OpenServer\domains\new-project.by\framework\base\CModel.php(260): CModel->createValidators()
#1 D:\OpenServer\domains\new-project.by\framework\base\CModel.php(304): CModel->getValidators('username')
#2 D:\OpenServer\domains\new-project.by\framework\web\helpers\CHtml.php(1520): CModel->isAttributeRequired('username')
#3 D:\OpenServer\domains\new-project.by\framework\web\widgets\CActiveForm.php(600): CHtml::activeLabelEx(Object(Users), 'username', Array)
#4 D:\OpenServer\domains\my-project.by\protected\views\site\login.php(28): CActiveForm->labelEx(Object(Users), 'username')
#5 D:\OpenServer\domains\new-project.by\framework\web\CBaseController.php(126): require('D:\\OpenServer\\d...')
#6 D:\OpenServer\domains\new-project.by\framework\web\CBaseController.php(95): CBaseController->renderInternal('D:\\OpenServer\\d...', Array, true)
#7 D:\OpenServer\domains\new-project.by\framework\web\CController.php(872): CBaseController->renderFile('D:\\OpenServer\\d...', Array, true)
#8 D:\OpenServer\domains\new-project.by\framework\web\CController.php(785): CController->renderPartial('login', Array, true)
#9 D:\OpenServer\domains\my-project.by\protected\controllers\SiteController.php(97): CController->render('login', Array)
#10 D:\OpenServer\domains\new-project.by\framework\web\actions\CInlineAction.php(49): SiteController->actionLogin()
#11 D:\OpenServer\domains\new-project.by\framework\web\CController.php(308): CInlineAction->runWithParams(Array)
#12 D:\OpenServer\domains\new-project.by\framework\web\CController.php(286): CController->runAction(Object(CInlineAction))
#13 D:\OpenServer\domains\new-project.by\framework\web\CController.php(265): CController->runActionWithFilters(Object(CInlineAction), Array)
#14 D:\OpenServer\domains\new-project.by\framework\web\CWebApplication.php(282): CController->run('login')
#15 D:\OpenServer\domains\new-project.by\framework\web\CWebApplication.php(141): CWebApplication->runController('site/login')
#16 D:\OpenServer\domains\new-project.by\framework\base\CApplication.php(185): CWebApplication->processRequest()
#17 D:\OpenServer\domains\my-project.by\index.php(13): CApplication->run()
#18 {main}
REQUEST_URI=/index.php/site/login
HTTP_REFERER=http://my-project.by/index.php
---
2017/04/27 13:35:43 [error] [exception.CException] exception 'CException' with message 'Users has an invalid validation rule. The rule must specify attributes to be validated and the validator name.' in D:\OpenServer\domains\new-project.by\framework\base\CModel.php:289
Stack trace:
#0 D:\OpenServer\domains\new-project.by\framework\base\CModel.php(260): CModel->createValidators()
#1 D:\OpenServer\domains\new-project.by\framework\base\CModel.php(304): CModel->getValidators('username')
#2 D:\OpenServer\domains\new-project.by\framework\web\helpers\CHtml.php(1520): CModel->isAttributeRequired('username')
#3 D:\OpenServer\domains\new-project.by\framework\web\widgets\CActiveForm.php(600): CHtml::activeLabelEx(Object(Users), 'username', Array)
#4 D:\OpenServer\domains\my-project.by\protected\views\site\login.php(28): CActiveForm->labelEx(Object(Users), 'username')
#5 D:\OpenServer\domains\new-project.by\framework\web\CBaseController.php(126): require('D:\\OpenServer\\d...')
#6 D:\OpenServer\domains\new-project.by\framework\web\CBaseController.php(95): CBaseController->renderInternal('D:\\OpenServer\\d...', Array, true)
#7 D:\OpenServer\domains\new-project.by\framework\web\CController.php(872): CBaseController->renderFile('D:\\OpenServer\\d...', Array, true)
#8 D:\OpenServer\domains\new-project.by\framework\web\CController.php(785): CController->renderPartial('login', Array, true)
#9 D:\OpenServer\domains\my-project.by\protected\controllers\SiteController.php(96): CController->render('login', Array)
#10 D:\OpenServer\domains\new-project.by\framework\web\actions\CInlineAction.php(49): SiteController->actionLogin()
#11 D:\OpenServer\domains\new-project.by\framework\web\CController.php(308): CInlineAction->runWithParams(Array)
#12 D:\OpenServer\domains\new-project.by\framework\web\CController.php(286): CController->runAction(Object(CInlineAction))
#13 D:\OpenServer\domains\new-project.by\framework\web\CController.php(265): CController->runActionWithFilters(Object(CInlineAction), Array)
#14 D:\OpenServer\domains\new-project.by\framework\web\CWebApplication.php(282): CController->run('login')
#15 D:\OpenServer\domains\new-project.by\framework\web\CWebApplication.php(141): CWebApplication->runController('site/login')
#16 D:\OpenServer\domains\new-project.by\framework\base\CApplication.php(185): CWebApplication->processRequest()
#17 D:\OpenServer\domains\my-project.by\index.php(13): CApplication->run()
#18 {main}
REQUEST_URI=/index.php/site/login
HTTP_REFERER=http://my-project.by/index.php
---
2017/04/27 13:35:45 [error] [exception.CException] exception 'CException' with message 'Users has an invalid validation rule. The rule must specify attributes to be validated and the validator name.' in D:\OpenServer\domains\new-project.by\framework\base\CModel.php:289
Stack trace:
#0 D:\OpenServer\domains\new-project.by\framework\base\CModel.php(260): CModel->createValidators()
#1 D:\OpenServer\domains\new-project.by\framework\base\CModel.php(304): CModel->getValidators('username')
#2 D:\OpenServer\domains\new-project.by\framework\web\helpers\CHtml.php(1520): CModel->isAttributeRequired('username')
#3 D:\OpenServer\domains\new-project.by\framework\web\widgets\CActiveForm.php(600): CHtml::activeLabelEx(Object(Users), 'username', Array)
#4 D:\OpenServer\domains\my-project.by\protected\views\site\login.php(28): CActiveForm->labelEx(Object(Users), 'username')
#5 D:\OpenServer\domains\new-project.by\framework\web\CBaseController.php(126): require('D:\\OpenServer\\d...')
#6 D:\OpenServer\domains\new-project.by\framework\web\CBaseController.php(95): CBaseController->renderInternal('D:\\OpenServer\\d...', Array, true)
#7 D:\OpenServer\domains\new-project.by\framework\web\CController.php(872): CBaseController->renderFile('D:\\OpenServer\\d...', Array, true)
#8 D:\OpenServer\domains\new-project.by\framework\web\CController.php(785): CController->renderPartial('login', Array, true)
#9 D:\OpenServer\domains\my-project.by\protected\controllers\SiteController.php(96): CController->render('login', Array)
#10 D:\OpenServer\domains\new-project.by\framework\web\actions\CInlineAction.php(49): SiteController->actionLogin()
#11 D:\OpenServer\domains\new-project.by\framework\web\CController.php(308): CInlineAction->runWithParams(Array)
#12 D:\OpenServer\domains\new-project.by\framework\web\CController.php(286): CController->runAction(Object(CInlineAction))
#13 D:\OpenServer\domains\new-project.by\framework\web\CController.php(265): CController->runActionWithFilters(Object(CInlineAction), Array)
#14 D:\OpenServer\domains\new-project.by\framework\web\CWebApplication.php(282): CController->run('login')
#15 D:\OpenServer\domains\new-project.by\framework\web\CWebApplication.php(141): CWebApplication->runController('site/login')
#16 D:\OpenServer\domains\new-project.by\framework\base\CApplication.php(185): CWebApplication->processRequest()
#17 D:\OpenServer\domains\my-project.by\index.php(13): CApplication->run()
#18 {main}
REQUEST_URI=/index.php/site/login
HTTP_REFERER=http://my-project.by/index.php
---
2017/04/27 13:46:28 [error] [php] include(password.php): failed to open stream: No such file or directory (D:\OpenServer\domains\new-project.by\framework\YiiBase.php:432)
Stack trace:
#0 unknown(0): spl_autoload_call()
#1 D:\OpenServer\domains\new-project.by\framework\YiiBase.php(303): class_exists()
#2 D:\OpenServer\domains\new-project.by\framework\validators\CValidator.php(174): import()
#3 D:\OpenServer\domains\new-project.by\framework\base\CModel.php(287): createValidator()
#4 D:\OpenServer\domains\new-project.by\framework\base\CModel.php(260): Users->createValidators()
#5 D:\OpenServer\domains\new-project.by\framework\base\CModel.php(304): Users->getValidators()
#6 D:\OpenServer\domains\new-project.by\framework\web\helpers\CHtml.php(1520): Users->isAttributeRequired()
#7 D:\OpenServer\domains\new-project.by\framework\web\widgets\CActiveForm.php(600): activeLabelEx()
#8 D:\OpenServer\domains\my-project.by\protected\views\site\registration.php(28): CActiveForm->labelEx()
#9 D:\OpenServer\domains\new-project.by\framework\web\CBaseController.php(126): require()
#10 D:\OpenServer\domains\new-project.by\framework\web\CBaseController.php(95): SiteController->renderInternal()
#11 D:\OpenServer\domains\new-project.by\framework\web\CController.php(872): SiteController->renderFile()
#12 D:\OpenServer\domains\new-project.by\framework\web\CController.php(785): SiteController->renderPartial()
#13 D:\OpenServer\domains\my-project.by\protected\controllers\SiteController.php(126): SiteController->render()
#14 D:\OpenServer\domains\new-project.by\framework\web\actions\CInlineAction.php(49): SiteController->actionRegistration()
#15 D:\OpenServer\domains\new-project.by\framework\web\CController.php(308): CInlineAction->runWithParams()
#16 D:\OpenServer\domains\new-project.by\framework\web\CController.php(286): SiteController->runAction()
#17 D:\OpenServer\domains\new-project.by\framework\web\CController.php(265): SiteController->runActionWithFilters()
#18 D:\OpenServer\domains\new-project.by\framework\web\CWebApplication.php(282): SiteController->run()
#19 D:\OpenServer\domains\new-project.by\framework\web\CWebApplication.php(141): CWebApplication->runController()
#20 D:\OpenServer\domains\new-project.by\framework\base\CApplication.php(185): CWebApplication->processRequest()
#21 D:\OpenServer\domains\my-project.by\index.php(13): CWebApplication->run()
REQUEST_URI=/index.php/site/registration
in D:\OpenServer\domains\my-project.by\protected\views\site\registration.php (28)
in D:\OpenServer\domains\my-project.by\protected\controllers\SiteController.php (126)
in D:\OpenServer\domains\my-project.by\index.php (13)
2017/04/27 15:04:57 [error] [exception.CException] exception 'CException' with message 'The column must be specified in the format of "Name:Type:Label", where "Type" and "Label" are optional.' in D:\OpenServer\domains\new-project.by\framework\zii\widgets\grid\CGridView.php:413
Stack trace:
#0 D:\OpenServer\domains\new-project.by\framework\zii\widgets\grid\CGridView.php(383): CGridView->createDataColumn('\xD0\x9C\xD0\xB0\xD1\x80\xD0\xBA\xD0\xB0')
#1 D:\OpenServer\domains\new-project.by\framework\zii\widgets\grid\CGridView.php(359): CGridView->initColumns()
#2 D:\OpenServer\domains\new-project.by\framework\web\CBaseController.php(147): CGridView->init()
#3 D:\OpenServer\domains\new-project.by\framework\web\CBaseController.php(181): CBaseController->createWidget('zii.widgets.gri...', Array)
#4 D:\OpenServer\domains\my-project.by\protected\views\cars\index.php(28): CBaseController->widget('zii.widgets.gri...', Array)
#5 D:\OpenServer\domains\new-project.by\framework\web\CBaseController.php(126): require('D:\\OpenServer\\d...')
#6 D:\OpenServer\domains\new-project.by\framework\web\CBaseController.php(95): CBaseController->renderInternal('D:\\OpenServer\\d...', Array, true)
#7 D:\OpenServer\domains\new-project.by\framework\web\CController.php(872): CBaseController->renderFile('D:\\OpenServer\\d...', Array, true)
#8 D:\OpenServer\domains\new-project.by\framework\web\CController.php(785): CController->renderPartial('index', Array, true)
#9 D:\OpenServer\domains\my-project.by\protected\controllers\CarsController.php(128): CController->render('index', Array)
#10 D:\OpenServer\domains\new-project.by\framework\web\actions\CInlineAction.php(49): CarsController->actionIndex()
#11 D:\OpenServer\domains\new-project.by\framework\web\CController.php(308): CInlineAction->runWithParams(Array)
#12 D:\OpenServer\domains\new-project.by\framework\web\filters\CFilterChain.php(134): CController->runAction(Object(CInlineAction))
#13 D:\OpenServer\domains\new-project.by\framework\web\filters\CFilter.php(40): CFilterChain->run()
#14 D:\OpenServer\domains\new-project.by\framework\web\CController.php(1148): CFilter->filter(Object(CFilterChain))
#15 D:\OpenServer\domains\new-project.by\framework\web\filters\CInlineFilter.php(58): CController->filterAccessControl(Object(CFilterChain))
#16 D:\OpenServer\domains\new-project.by\framework\web\filters\CFilterChain.php(131): CInlineFilter->filter(Object(CFilterChain))
#17 D:\OpenServer\domains\new-project.by\framework\web\CController.php(291): CFilterChain->run()
#18 D:\OpenServer\domains\new-project.by\framework\web\CController.php(265): CController->runActionWithFilters(Object(CInlineAction), Array)
#19 D:\OpenServer\domains\new-project.by\framework\web\CWebApplication.php(282): CController->run('index')
#20 D:\OpenServer\domains\new-project.by\framework\web\CWebApplication.php(141): CWebApplication->runController('cars/index')
#21 D:\OpenServer\domains\new-project.by\framework\base\CApplication.php(185): CWebApplication->processRequest()
#22 D:\OpenServer\domains\my-project.by\index.php(13): CApplication->run()
#23 {main}
REQUEST_URI=/index.php/cars/index
HTTP_REFERER=http://my-project.by/index.php/news/index
---
2017/04/27 15:19:54 [error] [exception.CHttpException.403] exception 'CHttpException' with message 'Login Required' in D:\OpenServer\domains\new-project.by\framework\web\auth\CWebUser.php:396
Stack trace:
#0 D:\OpenServer\domains\new-project.by\framework\web\auth\CAccessControlFilter.php(181): CWebUser->loginRequired()
#1 D:\OpenServer\domains\new-project.by\framework\web\auth\CAccessControlFilter.php(145): CAccessControlFilter->accessDenied(Object(CWebUser), 'You are not aut...')
#2 D:\OpenServer\domains\new-project.by\framework\web\filters\CFilter.php(38): CAccessControlFilter->preFilter(Object(CFilterChain))
#3 D:\OpenServer\domains\new-project.by\framework\web\CController.php(1148): CFilter->filter(Object(CFilterChain))
#4 D:\OpenServer\domains\new-project.by\framework\web\filters\CInlineFilter.php(58): CController->filterAccessControl(Object(CFilterChain))
#5 D:\OpenServer\domains\new-project.by\framework\web\filters\CFilterChain.php(131): CInlineFilter->filter(Object(CFilterChain))
#6 D:\OpenServer\domains\new-project.by\framework\web\CController.php(291): CFilterChain->run()
#7 D:\OpenServer\domains\new-project.by\framework\web\CController.php(265): CController->runActionWithFilters(Object(CInlineAction), Array)
#8 D:\OpenServer\domains\new-project.by\framework\web\CWebApplication.php(282): CController->run('delete')
#9 D:\OpenServer\domains\new-project.by\framework\web\CWebApplication.php(141): CWebApplication->runController('users/delete')
#10 D:\OpenServer\domains\new-project.by\framework\base\CApplication.php(185): CWebApplication->processRequest()
#11 D:\OpenServer\domains\my-project.by\index.php(13): CApplication->run()
#12 {main}
REQUEST_URI=/index.php/users/delete/22?ajax=yw0
HTTP_REFERER=http://my-project.by/index.php/users/index
---
2017/04/27 15:20:05 [error] [exception.CHttpException.403] exception 'CHttpException' with message 'Login Required' in D:\OpenServer\domains\new-project.by\framework\web\auth\CWebUser.php:396
Stack trace:
#0 D:\OpenServer\domains\new-project.by\framework\web\auth\CAccessControlFilter.php(181): CWebUser->loginRequired()
#1 D:\OpenServer\domains\new-project.by\framework\web\auth\CAccessControlFilter.php(145): CAccessControlFilter->accessDenied(Object(CWebUser), 'You are not aut...')
#2 D:\OpenServer\domains\new-project.by\framework\web\filters\CFilter.php(38): CAccessControlFilter->preFilter(Object(CFilterChain))
#3 D:\OpenServer\domains\new-project.by\framework\web\CController.php(1148): CFilter->filter(Object(CFilterChain))
#4 D:\OpenServer\domains\new-project.by\framework\web\filters\CInlineFilter.php(58): CController->filterAccessControl(Object(CFilterChain))
#5 D:\OpenServer\domains\new-project.by\framework\web\filters\CFilterChain.php(131): CInlineFilter->filter(Object(CFilterChain))
#6 D:\OpenServer\domains\new-project.by\framework\web\CController.php(291): CFilterChain->run()
#7 D:\OpenServer\domains\new-project.by\framework\web\CController.php(265): CController->runActionWithFilters(Object(CInlineAction), Array)
#8 D:\OpenServer\domains\new-project.by\framework\web\CWebApplication.php(282): CController->run('delete')
#9 D:\OpenServer\domains\new-project.by\framework\web\CWebApplication.php(141): CWebApplication->runController('users/delete')
#10 D:\OpenServer\domains\new-project.by\framework\base\CApplication.php(185): CWebApplication->processRequest()
#11 D:\OpenServer\domains\my-project.by\index.php(13): CApplication->run()
#12 {main}
REQUEST_URI=/index.php/users/delete/23?ajax=yw0
HTTP_REFERER=http://my-project.by/index.php/users/index
---
2017/04/27 15:20:40 [error] [exception.CHttpException.403] exception 'CHttpException' with message 'Login Required' in D:\OpenServer\domains\new-project.by\framework\web\auth\CWebUser.php:396
Stack trace:
#0 D:\OpenServer\domains\new-project.by\framework\web\auth\CAccessControlFilter.php(181): CWebUser->loginRequired()
#1 D:\OpenServer\domains\new-project.by\framework\web\auth\CAccessControlFilter.php(145): CAccessControlFilter->accessDenied(Object(CWebUser), 'You are not aut...')
#2 D:\OpenServer\domains\new-project.by\framework\web\filters\CFilter.php(38): CAccessControlFilter->preFilter(Object(CFilterChain))
#3 D:\OpenServer\domains\new-project.by\framework\web\CController.php(1148): CFilter->filter(Object(CFilterChain))
#4 D:\OpenServer\domains\new-project.by\framework\web\filters\CInlineFilter.php(58): CController->filterAccessControl(Object(CFilterChain))
#5 D:\OpenServer\domains\new-project.by\framework\web\filters\CFilterChain.php(131): CInlineFilter->filter(Object(CFilterChain))
#6 D:\OpenServer\domains\new-project.by\framework\web\CController.php(291): CFilterChain->run()
#7 D:\OpenServer\domains\new-project.by\framework\web\CController.php(265): CController->runActionWithFilters(Object(CInlineAction), Array)
#8 D:\OpenServer\domains\new-project.by\framework\web\CWebApplication.php(282): CController->run('delete')
#9 D:\OpenServer\domains\new-project.by\framework\web\CWebApplication.php(141): CWebApplication->runController('users/delete')
#10 D:\OpenServer\domains\new-project.by\framework\base\CApplication.php(185): CWebApplication->processRequest()
#11 D:\OpenServer\domains\my-project.by\index.php(13): CApplication->run()
#12 {main}
REQUEST_URI=/index.php/users/delete/23?ajax=yw0
HTTP_REFERER=http://my-project.by/index.php/users/index
---
2017/04/27 15:20:58 [error] [exception.CHttpException.403] exception 'CHttpException' with message 'Login Required' in D:\OpenServer\domains\new-project.by\framework\web\auth\CWebUser.php:396
Stack trace:
#0 D:\OpenServer\domains\new-project.by\framework\web\auth\CAccessControlFilter.php(181): CWebUser->loginRequired()
#1 D:\OpenServer\domains\new-project.by\framework\web\auth\CAccessControlFilter.php(145): CAccessControlFilter->accessDenied(Object(CWebUser), 'You are not aut...')
#2 D:\OpenServer\domains\new-project.by\framework\web\filters\CFilter.php(38): CAccessControlFilter->preFilter(Object(CFilterChain))
#3 D:\OpenServer\domains\new-project.by\framework\web\CController.php(1148): CFilter->filter(Object(CFilterChain))
#4 D:\OpenServer\domains\new-project.by\framework\web\filters\CInlineFilter.php(58): CController->filterAccessControl(Object(CFilterChain))
#5 D:\OpenServer\domains\new-project.by\framework\web\filters\CFilterChain.php(131): CInlineFilter->filter(Object(CFilterChain))
#6 D:\OpenServer\domains\new-project.by\framework\web\CController.php(291): CFilterChain->run()
#7 D:\OpenServer\domains\new-project.by\framework\web\CController.php(265): CController->runActionWithFilters(Object(CInlineAction), Array)
#8 D:\OpenServer\domains\new-project.by\framework\web\CWebApplication.php(282): CController->run('delete')
#9 D:\OpenServer\domains\new-project.by\framework\web\CWebApplication.php(141): CWebApplication->runController('users/delete')
#10 D:\OpenServer\domains\new-project.by\framework\base\CApplication.php(185): CWebApplication->processRequest()
#11 D:\OpenServer\domains\my-project.by\index.php(13): CApplication->run()
#12 {main}
REQUEST_URI=/index.php/users/delete/23?ajax=yw0
HTTP_REFERER=http://my-project.by/index.php/users/index
---
2017/04/27 15:21:30 [error] [exception.CHttpException.403] exception 'CHttpException' with message 'Login Required' in D:\OpenServer\domains\new-project.by\framework\web\auth\CWebUser.php:396
Stack trace:
#0 D:\OpenServer\domains\new-project.by\framework\web\auth\CAccessControlFilter.php(181): CWebUser->loginRequired()
#1 D:\OpenServer\domains\new-project.by\framework\web\auth\CAccessControlFilter.php(145): CAccessControlFilter->accessDenied(Object(CWebUser), 'You are not aut...')
#2 D:\OpenServer\domains\new-project.by\framework\web\filters\CFilter.php(38): CAccessControlFilter->preFilter(Object(CFilterChain))
#3 D:\OpenServer\domains\new-project.by\framework\web\CController.php(1148): CFilter->filter(Object(CFilterChain))
#4 D:\OpenServer\domains\new-project.by\framework\web\filters\CInlineFilter.php(58): CController->filterAccessControl(Object(CFilterChain))
#5 D:\OpenServer\domains\new-project.by\framework\web\filters\CFilterChain.php(131): CInlineFilter->filter(Object(CFilterChain))
#6 D:\OpenServer\domains\new-project.by\framework\web\CController.php(291): CFilterChain->run()
#7 D:\OpenServer\domains\new-project.by\framework\web\CController.php(265): CController->runActionWithFilters(Object(CInlineAction), Array)
#8 D:\OpenServer\domains\new-project.by\framework\web\CWebApplication.php(282): CController->run('delete')
#9 D:\OpenServer\domains\new-project.by\framework\web\CWebApplication.php(141): CWebApplication->runController('users/delete')
#10 D:\OpenServer\domains\new-project.by\framework\base\CApplication.php(185): CWebApplication->processRequest()
#11 D:\OpenServer\domains\my-project.by\index.php(13): CApplication->run()
#12 {main}
REQUEST_URI=/index.php/users/delete/23?ajax=yw0
HTTP_REFERER=http://my-project.by/index.php/users/index
---
2017/04/27 15:38:22 [error] [system.db.CDbCommand] CDbCommand::execute() failed: SQLSTATE[23000]: Integrity constraint violation: 1452 Cannot add or update a child row: a foreign key constraint fails (`testapp`.`news`, CONSTRAINT `fk-post-id_user` FOREIGN KEY (`id_user`) REFERENCES `users` (`id`) ON DELETE CASCADE). The SQL statement executed was: INSERT INTO `news` (`id_user`, `post`) VALUES (:yp0, :yp1).
in D:\OpenServer\domains\my-project.by\protected\controllers\NewsController.php (47)
in D:\OpenServer\domains\my-project.by\index.php (13)
2017/04/27 15:38:22 [error] [exception.CDbException] exception 'CDbException' with message 'CDbCommand failed to execute the SQL statement: SQLSTATE[23000]: Integrity constraint violation: 1452 Cannot add or update a child row: a foreign key constraint fails (`testapp`.`news`, CONSTRAINT `fk-post-id_user` FOREIGN KEY (`id_user`) REFERENCES `users` (`id`) ON DELETE CASCADE). The SQL statement executed was: INSERT INTO `news` (`id_user`, `post`) VALUES (:yp0, :yp1)' in D:\OpenServer\domains\new-project.by\framework\db\CDbCommand.php:358
Stack trace:
#0 D:\OpenServer\domains\new-project.by\framework\db\ar\CActiveRecord.php(1083): CDbCommand->execute()
#1 D:\OpenServer\domains\new-project.by\framework\db\ar\CActiveRecord.php(811): CActiveRecord->insert(NULL)
#2 D:\OpenServer\domains\my-project.by\protected\controllers\NewsController.php(47): CActiveRecord->save()
#3 D:\OpenServer\domains\new-project.by\framework\web\actions\CInlineAction.php(49): NewsController->actionCreate()
#4 D:\OpenServer\domains\new-project.by\framework\web\CController.php(308): CInlineAction->runWithParams(Array)
#5 D:\OpenServer\domains\new-project.by\framework\web\filters\CFilterChain.php(134): CController->runAction(Object(CInlineAction))
#6 D:\OpenServer\domains\new-project.by\framework\web\filters\CFilter.php(40): CFilterChain->run()
#7 D:\OpenServer\domains\new-project.by\framework\web\CController.php(1148): CFilter->filter(Object(CFilterChain))
#8 D:\OpenServer\domains\new-project.by\framework\web\filters\CInlineFilter.php(58): CController->filterAccessControl(Object(CFilterChain))
#9 D:\OpenServer\domains\new-project.by\framework\web\filters\CFilterChain.php(131): CInlineFilter->filter(Object(CFilterChain))
#10 D:\OpenServer\domains\new-project.by\framework\web\CController.php(291): CFilterChain->run()
#11 D:\OpenServer\domains\new-project.by\framework\web\CController.php(265): CController->runActionWithFilters(Object(CInlineAction), Array)
#12 D:\OpenServer\domains\new-project.by\framework\web\CWebApplication.php(282): CController->run('create')
#13 D:\OpenServer\domains\new-project.by\framework\web\CWebApplication.php(141): CWebApplication->runController('news/create')
#14 D:\OpenServer\domains\new-project.by\framework\base\CApplication.php(185): CWebApplication->processRequest()
#15 D:\OpenServer\domains\my-project.by\index.php(13): CApplication->run()
#16 {main}
REQUEST_URI=/index.php/news/create
HTTP_REFERER=http://my-project.by/index.php/news/create
---
2017/04/27 15:38:31 [error] [system.db.CDbCommand] CDbCommand::execute() failed: SQLSTATE[23000]: Integrity constraint violation: 1452 Cannot add or update a child row: a foreign key constraint fails (`testapp`.`news`, CONSTRAINT `fk-post-id_user` FOREIGN KEY (`id_user`) REFERENCES `users` (`id`) ON DELETE CASCADE). The SQL statement executed was: INSERT INTO `news` (`id_user`, `post`) VALUES (:yp0, :yp1).
in D:\OpenServer\domains\my-project.by\protected\controllers\NewsController.php (47)
in D:\OpenServer\domains\my-project.by\index.php (13)
2017/04/27 15:38:31 [error] [exception.CDbException] exception 'CDbException' with message 'CDbCommand failed to execute the SQL statement: SQLSTATE[23000]: Integrity constraint violation: 1452 Cannot add or update a child row: a foreign key constraint fails (`testapp`.`news`, CONSTRAINT `fk-post-id_user` FOREIGN KEY (`id_user`) REFERENCES `users` (`id`) ON DELETE CASCADE). The SQL statement executed was: INSERT INTO `news` (`id_user`, `post`) VALUES (:yp0, :yp1)' in D:\OpenServer\domains\new-project.by\framework\db\CDbCommand.php:358
Stack trace:
#0 D:\OpenServer\domains\new-project.by\framework\db\ar\CActiveRecord.php(1083): CDbCommand->execute()
#1 D:\OpenServer\domains\new-project.by\framework\db\ar\CActiveRecord.php(811): CActiveRecord->insert(NULL)
#2 D:\OpenServer\domains\my-project.by\protected\controllers\NewsController.php(47): CActiveRecord->save()
#3 D:\OpenServer\domains\new-project.by\framework\web\actions\CInlineAction.php(49): NewsController->actionCreate()
#4 D:\OpenServer\domains\new-project.by\framework\web\CController.php(308): CInlineAction->runWithParams(Array)
#5 D:\OpenServer\domains\new-project.by\framework\web\filters\CFilterChain.php(134): CController->runAction(Object(CInlineAction))
#6 D:\OpenServer\domains\new-project.by\framework\web\filters\CFilter.php(40): CFilterChain->run()
#7 D:\OpenServer\domains\new-project.by\framework\web\CController.php(1148): CFilter->filter(Object(CFilterChain))
#8 D:\OpenServer\domains\new-project.by\framework\web\filters\CInlineFilter.php(58): CController->filterAccessControl(Object(CFilterChain))
#9 D:\OpenServer\domains\new-project.by\framework\web\filters\CFilterChain.php(131): CInlineFilter->filter(Object(CFilterChain))
#10 D:\OpenServer\domains\new-project.by\framework\web\CController.php(291): CFilterChain->run()
#11 D:\OpenServer\domains\new-project.by\framework\web\CController.php(265): CController->runActionWithFilters(Object(CInlineAction), Array)
#12 D:\OpenServer\domains\new-project.by\framework\web\CWebApplication.php(282): CController->run('create')
#13 D:\OpenServer\domains\new-project.by\framework\web\CWebApplication.php(141): CWebApplication->runController('news/create')
#14 D:\OpenServer\domains\new-project.by\framework\base\CApplication.php(185): CWebApplication->processRequest()
#15 D:\OpenServer\domains\my-project.by\index.php(13): CApplication->run()
#16 {main}
REQUEST_URI=/index.php/news/create
HTTP_REFERER=http://my-project.by/index.php/news/create
---
